<?xml version="1.0" encoding="UTF-8"?>
<Site BuildName="Linux-c++"
	BuildStamp="20240114-1019-Experimental"
	Name="debian"
	Generator="ctest-3.25.1"
	CompilerName="/usr/bin/c++"
	CompilerVersion="12.2.0"
	OSName="Linux"
	Hostname="debian"
	OSRelease="6.1.0-17-amd64"
	OSVersion="#1 SMP PREEMPT_DYNAMIC Debian 6.1.69-1 (2023-12-30)"
	OSPlatform="x86_64"
	Is64Bits="1"
	VendorString="AuthenticAMD"
	VendorID="Advanced Micro Devices"
	FamilyID="16"
	ModelID="6"
	ProcessorCacheSize="1024"
	NumberOfLogicalCPU="2"
	NumberOfPhysicalCPU="2"
	TotalVirtualMemory="5454"
	TotalPhysicalMemory="3661"
	LogicalProcessorsPerPhysical="1"
	ProcessorClockFrequency="3200"
	>
	<Testing>
		<StartDateTime>Jan 14 18:33 IST</StartDateTime>
		<StartTestTime>1705237419</StartTestTime>
		<TestList/>
		<EndDateTime>Jan 14 18:33 IST</EndDateTime>
		<EndTestTime>1705237419</EndTestTime>
		<ElapsedMinutes>0</ElapsedMinutes>
	</Testing>
</Site>
